<?xml version="1.0" encoding="UTF-8"?>
<!-- Generated by org.testng.reporters.JUnitReportReporter -->
<testsuite hostname="DESKTOP-4ENR57E" failures="0" tests="1" name="com.practise.mock.WritingAMultipleDataToExcel" time="1.897" errors="0" timestamp="2024-09-25T17:53:01 IST" skipped="0">
  <testcase classname="com.practise.mock.WritingAMultipleDataToExcel" name="writeDataToExcel" time="1.897"/>
</testsuite> <!-- com.practise.mock.WritingAMultipleDataToExcel -->
