<?xml version="1.0" encoding="UTF-8"?>
<!-- Generated by org.testng.reporters.JUnitReportReporter -->
<testsuite hostname="DESKTOP-4ENR57E" failures="0" tests="6" name="com.comcast.crm.contacttest.CreateContactTest" time="398.915" errors="0" timestamp="2024-09-19T09:22:48 IST" skipped="0">
  <testcase classname="com.comcast.crm.contacttest.CreateContactTest" name="createContactWithOrganisationSwitchingContactTest" time="75.908"/>
  <testcase classname="com.comcast.crm.contacttest.CreateContactTest" name="createContactWithOrganisationSwitchingContactTest" time="67.751"/>
  <testcase classname="com.comcast.crm.contacttest.CreateContactTest" name="createContactWithSupportDateTest" time="53.906"/>
  <testcase classname="com.comcast.crm.contacttest.CreateContactTest" name="createContactWithSupportDateTest" time="62.430"/>
  <testcase classname="com.comcast.crm.contacttest.CreateContactTest" name="createContactWithMandatoryFieldTest" time="43.845"/>
  <testcase classname="com.comcast.crm.contacttest.CreateContactTest" name="createContactWithMandatoryFieldTest" time="95.075"/>
</testsuite> <!-- com.comcast.crm.contacttest.CreateContactTest -->
