<?xml version="1.0" encoding="UTF-8"?>
<!-- Generated by org.testng.reporters.JUnitReportReporter -->
<testsuite hostname="DESKTOP-4ENR57E" failures="0" tests="1" name="com.comcast.crm.salesordertest.CreateSalesOrderTest" time="141.280" errors="0" timestamp="2024-09-17T21:49:06 IST" skipped="0">
  <testcase classname="com.comcast.crm.salesordertest.CreateSalesOrderTest" name="createSalesOrderTest" time="141.280"/>
</testsuite> <!-- com.comcast.crm.salesordertest.CreateSalesOrderTest -->
