<?xml version="1.0" encoding="UTF-8"?>
<!-- Generated by org.testng.reporters.JUnitReportReporter -->
<testsuite hostname="DESKTOP-4ENR57E" failures="0" tests="4" name="pracise.testng.dataProvider.GetProductInfo" time="151.814" errors="0" timestamp="2024-09-13T12:29:24 IST" skipped="0">
  <testcase classname="pracise.testng.dataProvider.GetProductInfo" name="getProductInfoTest" time="33.705"/>
  <testcase classname="pracise.testng.dataProvider.GetProductInfo" name="getProductInfoTest" time="42.017"/>
  <testcase classname="pracise.testng.dataProvider.GetProductInfo" name="getProductInfoTest" time="47.890"/>
  <testcase classname="pracise.testng.dataProvider.GetProductInfo" name="getProductInfoTest" time="28.202"/>
</testsuite> <!-- pracise.testng.dataProvider.GetProductInfo -->
