<?xml version="1.0" encoding="UTF-8"?>
<!-- Generated by org.testng.reporters.JUnitReportReporter -->
<testsuite hostname="DESKTOP-4ENR57E" failures="0" tests="3" name="com.comcast.crm.baseuttility.ContactTest" time="0.036" errors="0" timestamp="2024-09-13T18:25:25 IST" skipped="0">
  <testcase classname="com.comcast.crm.baseuttility.ContactTest" name="modifyContact" time="0.006"/>
  <testcase classname="com.comcast.crm.baseuttility.ContactTest" name="createContact" time="0.022"/>
  <testcase classname="com.comcast.crm.baseuttility.ContactTest" name="deleteContact" time="0.008"/>
</testsuite> <!-- com.comcast.crm.baseuttility.ContactTest -->
