<?xml version="1.0" encoding="UTF-8"?>
<!-- Generated by org.testng.reporters.JUnitReportReporter -->
<testsuite hostname="DESKTOP-4ENR57E" failures="0" tests="3" name="com.practise2.CreateLeadtTest" time="0.093" errors="0" timestamp="2024-09-19T17:37:52 IST" skipped="0">
  <testcase classname="com.practise2.CreateLeadtTest" name="createLeadWithMandatoryField" time="0.064"/>
  <testcase classname="com.practise2.CreateLeadtTest" name="deleteLead" time="0.011"/>
  <testcase classname="com.practise2.CreateLeadtTest" name="ediLead" time="0.018"/>
</testsuite> <!-- com.practise2.CreateLeadtTest -->
