<?xml version="1.0" encoding="UTF-8"?>
<!-- Generated by org.testng.reporters.JUnitReportReporter -->
<testsuite hostname="DESKTOP-4ENR57E" failures="0" tests="1" name="com.comcast.crm.opportunitytest.OpportunityTest" time="129.034" errors="0" timestamp="2024-09-17T20:35:39 IST" skipped="0">
  <testcase classname="com.comcast.crm.opportunitytest.OpportunityTest" name="opportunityWithCampaginOrganizationTest" time="129.034"/>
</testsuite> <!-- com.comcast.crm.opportunitytest.OpportunityTest -->
