<?xml version="1.0" encoding="UTF-8"?>
<!-- Generated by org.testng.reporters.JUnitReportReporter -->
<testsuite hostname="DESKTOP-4ENR57E" failures="0" tests="1" name="com.comcast.crm.orgtest.CreateOrganisationWithPhoneNumberTest" time="206.272" errors="0" timestamp="2024-09-26T18:27:45 IST" skipped="0">
  <testcase classname="com.comcast.crm.orgtest.CreateOrganisationWithPhoneNumberTest" name="createOrganisationWithPhoneNumberTest" time="206.272"/>
</testsuite> <!-- com.comcast.crm.orgtest.CreateOrganisationWithPhoneNumberTest -->
