<?xml version="1.0" encoding="UTF-8"?>
<!-- Generated by org.testng.reporters.JUnitReportReporter -->
<testsuite hostname="DESKTOP-4ENR57E" failures="0" tests="1" name="com.comcast.crm.campaigntest.CreateCampaignTest" time="66.153" errors="0" timestamp="2024-09-24T10:25:09 IST" skipped="0">
  <testcase classname="com.comcast.crm.campaigntest.CreateCampaignTest" name="createCampaignWithProductTest" time="66.153"/>
</testsuite> <!-- com.comcast.crm.campaigntest.CreateCampaignTest -->
