<?xml version="1.0" encoding="UTF-8"?>
<!-- Generated by org.testng.reporters.JUnitReportReporter -->
<testsuite hostname="DESKTOP-4ENR57E" failures="0" tests="3" name="com.practise2.CreateContactTest" time="0.151" errors="0" timestamp="2024-09-19T17:37:52 IST" skipped="0">
  <testcase classname="com.practise2.CreateContactTest" name="deleteContact" time="0.044"/>
  <testcase classname="com.practise2.CreateContactTest" name="ediContact" time="0.034"/>
  <testcase classname="com.practise2.CreateContactTest" name="createContactWithMandatoryField" time="0.073"/>
</testsuite> <!-- com.practise2.CreateContactTest -->
