<?xml version="1.0" encoding="UTF-8"?>
<!-- Generated by org.testng.reporters.JUnitReportReporter -->
<testsuite hostname="DESKTOP-4ENR57E" failures="0" tests="1" name="practise.testng.config.annotation.ScrollToUsingJavaScriptExecutor" time="83.442" errors="0" timestamp="2024-09-16T19:53:17 IST" skipped="0">
  <testcase classname="practise.testng.config.annotation.ScrollToUsingJavaScriptExecutor" name="scrrenshotOfWebPage" time="83.442"/>
</testsuite> <!-- practise.testng.config.annotation.ScrollToUsingJavaScriptExecutor -->
