<?xml version="1.0" encoding="UTF-8"?>
<!-- Generated by org.testng.reporters.JUnitReportReporter -->
<testsuite hostname="DESKTOP-4ENR57E" failures="0" tests="1" name="com.practise3.To_Work_With_ExtentReports_With_Screenshot" time="56.059" errors="0" timestamp="2024-09-24T16:45:39 IST" skipped="0">
  <testcase classname="com.practise3.To_Work_With_ExtentReports_With_Screenshot" name="extentReportWithScreenShotTest" time="56.059"/>
</testsuite> <!-- com.practise3.To_Work_With_ExtentReports_With_Screenshot -->
