<?xml version="1.0" encoding="UTF-8"?>
<!-- Generated by org.testng.reporters.JUnitReportReporter -->
<testsuite hostname="DESKTOP-4ENR57E" failures="0" tests="1" name="com.practise3.To_Work_With_MultipleWindowsTest" time="43.120" errors="0" timestamp="2024-09-28T12:18:13 IST" skipped="0">
  <testcase classname="com.practise3.To_Work_With_MultipleWindowsTest" name="workingWithMultipleWindowTest" time="43.120"/>
</testsuite> <!-- com.practise3.To_Work_With_MultipleWindowsTest -->
