<?xml version="1.0" encoding="UTF-8"?>
<!-- Generated by org.testng.reporters.JUnitReportReporter -->
<testsuite hostname="DESKTOP-4ENR57E" failures="0" tests="1" name="com.comcast.crm.contacttest.CreateContactWithSupportDate" time="34.633" errors="0" timestamp="2024-09-16T13:13:47 IST" skipped="0">
  <testcase classname="com.comcast.crm.contacttest.CreateContactWithSupportDate" name="createContactWithSupportDate" time="34.633"/>
</testsuite> <!-- com.comcast.crm.contacttest.CreateContactWithSupportDate -->
