<?xml version="1.0" encoding="UTF-8"?>
<!-- Generated by org.testng.reporters.JUnitReportReporter -->
<testsuite hostname="DESKTOP-4ENR57E" failures="0" tests="1" name="com.comcast.crm.orgtest.DeleteOrganisation" time="47.143" errors="0" timestamp="2024-09-16T15:43:29 IST" skipped="0">
  <testcase classname="com.comcast.crm.orgtest.DeleteOrganisation" name="deleteOrganisation" time="47.143"/>
</testsuite> <!-- com.comcast.crm.orgtest.DeleteOrganisation -->
