<?xml version="1.0" encoding="UTF-8"?>
<!-- Generated by org.testng.reporters.JUnitReportReporter -->
<testsuite hostname="DESKTOP-4ENR57E" failures="0" tests="3" name="com.comcast.crm.baseuttility.OrgTest" time="0.043" errors="0" timestamp="2024-09-13T18:25:25 IST" skipped="0">
  <testcase classname="com.comcast.crm.baseuttility.OrgTest" name="modifyOrg" time="0.010"/>
  <testcase classname="com.comcast.crm.baseuttility.OrgTest" name="deleteOrg" time="0.023"/>
  <testcase classname="com.comcast.crm.baseuttility.OrgTest" name="createOrg" time="0.010"/>
</testsuite> <!-- com.comcast.crm.baseuttility.OrgTest -->
