<?xml version="1.0" encoding="UTF-8"?>
<!-- Generated by org.testng.reporters.JUnitReportReporter -->
<testsuite hostname="DESKTOP-4ENR57E" failures="0" tests="3" name="com.comcast.crm.contacttest.CreateContact" time="144.366" errors="0" timestamp="2024-09-16T17:29:37 IST" skipped="0">
  <testcase classname="com.comcast.crm.contacttest.CreateContact" name="createContactWithOrganisationSwitchingContact" time="48.401"/>
  <testcase classname="com.comcast.crm.contacttest.CreateContact" name="createContactWithSupportDate" time="35.847"/>
  <testcase classname="com.comcast.crm.contacttest.CreateContact" name="createContactWithMandatoryField" time="60.118"/>
</testsuite> <!-- com.comcast.crm.contacttest.CreateContact -->
