<?xml version="1.0" encoding="UTF-8"?>
<!-- Generated by org.testng.reporters.JUnitReportReporter -->
<testsuite hostname="DESKTOP-4ENR57E" failures="0" tests="3" name="practise.testng.config.annotation.CongigAnnotationTest" time="0.019" errors="0" timestamp="2024-09-13T15:18:07 IST" skipped="0">
  <testcase classname="practise.testng.config.annotation.CongigAnnotationTest" name="createContact" time="0.014"/>
  <testcase classname="practise.testng.config.annotation.CongigAnnotationTest" name="deleteContact" time="0.003"/>
  <testcase classname="practise.testng.config.annotation.CongigAnnotationTest" name="modifyContact" time="0.002"/>
</testsuite> <!-- practise.testng.config.annotation.CongigAnnotationTest -->
