<?xml version="1.0" encoding="UTF-8"?>
<!-- Generated by org.testng.reporters.JUnitReportReporter -->
<testsuite hostname="DESKTOP-4ENR57E" failures="0" tests="2" name="com.practise3.ParallelExecutionWithoutSuiteXmlFileTest" time="70.683" errors="0" timestamp="2024-09-27T11:30:15 IST" skipped="0">
  <testcase classname="com.practise3.ParallelExecutionWithoutSuiteXmlFileTest" name="parallelExecutionTest" time="35.378"/>
  <testcase classname="com.practise3.ParallelExecutionWithoutSuiteXmlFileTest" name="parallelExecutionTest" time="35.305"/>
</testsuite> <!-- com.practise3.ParallelExecutionWithoutSuiteXmlFileTest -->
