<?xml version="1.0" encoding="UTF-8"?>
<!-- Generated by org.testng.reporters.JUnitReportReporter -->
<testsuite hostname="DESKTOP-4ENR57E" failures="0" tests="1" name="com.comcast.crm.invoicetest.CreateInvoiceWithOrganizationandItemTest" time="77.796" errors="0" timestamp="2024-09-17T15:34:20 IST" skipped="0">
  <testcase classname="com.comcast.crm.invoicetest.CreateInvoiceWithOrganizationandItemTest" name="createInvoiceWithOrganizationandItemTest" time="77.796"/>
</testsuite> <!-- com.comcast.crm.invoicetest.CreateInvoiceWithOrganizationandItemTest -->
