<?xml version="1.0" encoding="UTF-8"?>
<!-- Generated by org.testng.reporters.JUnitReportReporter -->
<testsuite hostname="DESKTOP-4ENR57E" failures="0" tests="1" name="com.comcast.crm.orgtest.CreateOrganisationWithMandatoryField" time="59.763" errors="0" timestamp="2024-09-16T14:48:09 IST" skipped="0">
  <testcase classname="com.comcast.crm.orgtest.CreateOrganisationWithMandatoryField" name="createOrganisationWithMandatoryField" time="59.763"/>
</testsuite> <!-- com.comcast.crm.orgtest.CreateOrganisationWithMandatoryField -->
