<?xml version="1.0" encoding="UTF-8"?>
<!-- Generated by org.testng.reporters.JUnitReportReporter -->
<testsuite hostname="DESKTOP-4ENR57E" failures="0" tests="1" name="com.comcast.crm.contacttest.CreateContactWithOrganisationSwitchingContact" time="62.246" errors="0" timestamp="2024-09-16T13:31:32 IST" skipped="0">
  <testcase classname="com.comcast.crm.contacttest.CreateContactWithOrganisationSwitchingContact" name="createContactWithOrganisationSwitchingContact" time="62.246"/>
</testsuite> <!-- com.comcast.crm.contacttest.CreateContactWithOrganisationSwitchingContact -->
