<?xml version="1.0" encoding="UTF-8"?>
<!-- Generated by org.testng.reporters.JUnitReportReporter -->
<testsuite hostname="DESKTOP-4ENR57E" failures="0" tests="1" name="com.comcast.crm.contacttest.CreateContactWithOrganisationSwitchingContactTest" time="86.150" errors="0" timestamp="2024-09-17T17:14:07 IST" skipped="0">
  <testcase classname="com.comcast.crm.contacttest.CreateContactWithOrganisationSwitchingContactTest" name="createContactWithOrganisationSwitchingContactTest" time="86.150"/>
</testsuite> <!-- com.comcast.crm.contacttest.CreateContactWithOrganisationSwitchingContactTest -->
