<?xml version="1.0" encoding="UTF-8"?>
<!-- Generated by org.testng.reporters.JUnitReportReporter -->
<testsuite hostname="DESKTOP-4ENR57E" failures="0" tests="3" name="com.practise2.CreateOrgTest" time="0.145" errors="0" timestamp="2024-09-19T17:37:52 IST" skipped="0">
  <testcase classname="com.practise2.CreateOrgTest" name="deleteOrg" time="0.023"/>
  <testcase classname="com.practise2.CreateOrgTest" name="editOrg" time="0.043"/>
  <testcase classname="com.practise2.CreateOrgTest" name="createOrgWithMandatoryField" time="0.079"/>
</testsuite> <!-- com.practise2.CreateOrgTest -->
