<?xml version="1.0" encoding="UTF-8"?>
<!-- Generated by org.testng.reporters.JUnitReportReporter -->
<testsuite hostname="DESKTOP-4ENR57E" failures="0" tests="1" name="com.comcast.crm.campaigntest.CreateCampaign" time="56.335" errors="0" timestamp="2024-09-17T11:16:20 IST" skipped="0">
  <testcase classname="com.comcast.crm.campaigntest.CreateCampaign" name="createCampaignWithProduct" time="56.335"/>
</testsuite> <!-- com.comcast.crm.campaigntest.CreateCampaign -->
