<?xml version="1.0" encoding="UTF-8"?>
<!-- Generated by org.testng.reporters.JUnitReportReporter -->
<testsuite hostname="DESKTOP-4ENR57E" failures="0" tests="1" name="com.comcast.crm.contacttest.CreateContactWithMandatoryField" time="55.880" errors="0" timestamp="2024-09-16T12:59:18 IST" skipped="0">
  <testcase classname="com.comcast.crm.contacttest.CreateContactWithMandatoryField" name="createContactWithMandatoryField" time="55.880"/>
</testsuite> <!-- com.comcast.crm.contacttest.CreateContactWithMandatoryField -->
