<?xml version="1.0" encoding="UTF-8"?>
<!-- Generated by org.testng.reporters.JUnitReportReporter -->
<testsuite hostname="DESKTOP-4ENR57E" failures="0" tests="2" name="com.practise2.TestngReportTest" time="0.030" errors="0" timestamp="2024-09-20T13:15:44 IST" skipped="0">
  <testcase classname="com.practise2.TestngReportTest" name="createOrgPrintInBothReportAndConsole" time="0.023">
    <system-out>
      <![CDATA[orhanisation create successfully
step5
step6
step7
step8
step9]]>
    </system-out>
  </testcase> <!-- createOrgPrintInBothReportAndConsole -->
  <testcase classname="com.practise2.TestngReportTest" name="createOrgPrintInOnlyReport" time="0.007">
    <system-out>
      <![CDATA[orhanisation create successfully
step1
step2
step3
step4
step5]]>
    </system-out>
  </testcase> <!-- createOrgPrintInOnlyReport -->
  <system-out>
    <![CDATA[orhanisation create successfully
step5
step6
step7
step8
step9
orhanisation create successfully
step1
step2
step3
step4
step5]]>
  </system-out>
</testsuite> <!-- com.practise2.TestngReportTest -->
