<?xml version="1.0" encoding="UTF-8"?>
<!-- Generated by org.testng.reporters.JUnitReportReporter -->
<testsuite hostname="DESKTOP-4ENR57E" failures="0" tests="1" name="com.practise.mock.CricbuzzTest" time="95.507" errors="0" timestamp="2024-09-26T12:03:07 IST" skipped="0">
  <testcase classname="com.practise.mock.CricbuzzTest" name="cricbuzzTest" time="95.507"/>
</testsuite> <!-- com.practise.mock.CricbuzzTest -->
