<?xml version="1.0" encoding="UTF-8"?>
<!-- Generated by org.testng.reporters.JUnitReportReporter -->
<testsuite hostname="DESKTOP-4ENR57E" failures="0" tests="1" name="com.comcast.crm.orgtest.CreateOrganisationWithIndustryAndType" time="46.942" errors="0" timestamp="2024-09-16T15:17:09 IST" skipped="0">
  <testcase classname="com.comcast.crm.orgtest.CreateOrganisationWithIndustryAndType" name="createOrganisationWithIndustryAndType" time="46.942"/>
</testsuite> <!-- com.comcast.crm.orgtest.CreateOrganisationWithIndustryAndType -->
