<?xml version="1.0" encoding="UTF-8"?>
<!-- Generated by org.testng.reporters.JUnitReportReporter -->
<testsuite hostname="DESKTOP-4ENR57E" failures="0" tests="1" name="com.comcast.crm.orgtest.CreateOrganisationWithPhoneNumber" time="40.810" errors="0" timestamp="2024-09-16T15:03:19 IST" skipped="0">
  <testcase classname="com.comcast.crm.orgtest.CreateOrganisationWithPhoneNumber" name="createOrganisationWithPhoneNumber" time="40.810"/>
</testsuite> <!-- com.comcast.crm.orgtest.CreateOrganisationWithPhoneNumber -->
