<?xml version="1.0" encoding="UTF-8"?>
<!-- Generated by org.testng.reporters.JUnitReportReporter -->
<testsuite hostname="DESKTOP-4ENR57E" failures="0" tests="2" name="practise.testng.config.annotation.JavaScriptExecutorScrollToScrollBY" time="118.005" errors="0" timestamp="2024-09-16T20:15:20 IST" skipped="0">
  <testcase classname="practise.testng.config.annotation.JavaScriptExecutorScrollToScrollBY" name="javascriptExecutorScrollTo" time="48.099"/>
  <testcase classname="practise.testng.config.annotation.JavaScriptExecutorScrollToScrollBY" name="javascriptExecutorScrollBy" time="69.906"/>
</testsuite> <!-- practise.testng.config.annotation.JavaScriptExecutorScrollToScrollBY -->
