<?xml version="1.0" encoding="UTF-8"?>
<!-- Generated by org.testng.reporters.JUnitReportReporter -->
<testsuite hostname="DESKTOP-4ENR57E" failures="0" tests="1" name="com.comcast.crm.invoicetest.CreateInvoiceWithOrganizationandItem" time="127.694" errors="0" timestamp="2024-09-16T16:15:20 IST" skipped="0">
  <testcase classname="com.comcast.crm.invoicetest.CreateInvoiceWithOrganizationandItem" name="createInvoiceWithOrganizationandItem" time="127.694"/>
</testsuite> <!-- com.comcast.crm.invoicetest.CreateInvoiceWithOrganizationandItem -->
