<?xml version="1.0" encoding="UTF-8"?>
<!-- Generated by org.testng.reporters.JUnitReportReporter -->
<testsuite hostname="DESKTOP-4ENR57E" failures="0" tests="4" name="com.comcast.crm.orgtest.CreateOrganization" time="129.154" errors="0" timestamp="2024-09-16T17:38:14 IST" skipped="0">
  <testcase classname="com.comcast.crm.orgtest.CreateOrganization" name="createOrganisationWithIndustryAndType" time="34.574"/>
  <testcase classname="com.comcast.crm.orgtest.CreateOrganization" name="createOrganisationWithMandatoryField" time="27.870"/>
  <testcase classname="com.comcast.crm.orgtest.CreateOrganization" name="createOrganisationWithPhoneNumber" time="27.509"/>
  <testcase classname="com.comcast.crm.orgtest.CreateOrganization" name="deleteOrganisation" time="39.201"/>
</testsuite> <!-- com.comcast.crm.orgtest.CreateOrganization -->
