<?xml version="1.0" encoding="UTF-8"?>
<!-- Generated by org.testng.reporters.JUnitReportReporter -->
<testsuite hostname="DESKTOP-4ENR57E" failures="0" tests="1" name="com.practise3.To_Work_With_ExtentReportsTest" time="2.509" errors="0" timestamp="2024-09-24T16:23:15 IST" skipped="0">
  <testcase classname="com.practise3.To_Work_With_ExtentReportsTest" name="extentReportTest" time="2.509"/>
</testsuite> <!-- com.practise3.To_Work_With_ExtentReportsTest -->
