<?xml version="1.0" encoding="UTF-8"?>
<!-- Generated by org.testng.reporters.JUnitReportReporter -->
<testsuite hostname="DESKTOP-4ENR57E" failures="0" tests="1" name="com.comcast.crm.leadtest.LeadTest" time="66.945" errors="0" timestamp="2024-09-17T13:32:53 IST" skipped="0">
  <testcase classname="com.comcast.crm.leadtest.LeadTest" name="createLeadTest" time="66.945"/>
</testsuite> <!-- com.comcast.crm.leadtest.LeadTest -->
