<?xml version="1.0" encoding="UTF-8"?>
<!-- Generated by org.testng.reporters.JUnitReportReporter -->
<testsuite hostname="DESKTOP-4ENR57E" failures="0" tests="1" name="practise.testng.config.annotation.ScreenShotExample" time="33.096" errors="0" timestamp="2024-09-16T18:14:01 IST" skipped="0">
  <testcase classname="practise.testng.config.annotation.ScreenShotExample" name="scrrenshotOfWebElement" time="33.096"/>
</testsuite> <!-- practise.testng.config.annotation.ScreenShotExample -->
